Error: ER_CON_COUNT_ERROR: Too many connections
    at Handshake.Sequence._packetToError (G:\0-github\koa-api\node_modules\mysql\lib\protocol\sequences\Sequence.js:47:14)
    at Handshake.ErrorPacket (G:\0-github\koa-api\node_modules\mysql\lib\protocol\sequences\Handshake.js:123:18)
    at Protocol._parsePacket (G:\0-github\koa-api\node_modules\mysql\lib\protocol\Protocol.js:291:23)
    at Parser._parsePacket (G:\0-github\koa-api\node_modules\mysql\lib\protocol\Parser.js:433:10)
    at Parser.write (G:\0-github\koa-api\node_modules\mysql\lib\protocol\Parser.js:43:10)
    at Protocol.write (G:\0-github\koa-api\node_modules\mysql\lib\protocol\Protocol.js:38:16)
    at Socket.<anonymous> (G:\0-github\koa-api\node_modules\mysql\lib\Connection.js:88:28)
    at Socket.<anonymous> (G:\0-github\koa-api\node_modules\mysql\lib\Connection.js:526:10)
    at Socket.emit (events.js:315:20)
    at addChunk (_stream_readable.js:309:12)
    at readableAddChunk (_stream_readable.js:284:9)
    at Socket.Readable.push (_stream_readable.js:223:10)
    at TCP.onStreamRead (internal/stream_base_commons.js:188:23)
    --------------------
    at Protocol._enqueue (G:\0-github\koa-api\node_modules\mysql\lib\protocol\Protocol.js:144:48)
    at Protocol.handshake (G:\0-github\koa-api\node_modules\mysql\lib\protocol\Protocol.js:51:23)
    at PoolConnection.connect (G:\0-github\koa-api\node_modules\mysql\lib\Connection.js:116:18)
    at Pool.getConnection (G:\0-github\koa-api\node_modules\mysql\lib\Pool.js:48:16)
    at Pool.query (G:\0-github\koa-api\node_modules\mysql\lib\Pool.js:202:8)
    at MysqlStore.<anonymous> (G:\0-github\koa-api\node_modules\co-mysql\index.js:10:10)
    at next (G:\0-github\koa-api\node_modules\koa-mysql-session\node_modules\co\index.js:90:21)
    at MysqlStore.<anonymous> (G:\0-github\koa-api\node_modules\koa-mysql-session\node_modules\co\index.js:45:5)
    at new MysqlStore (G:\0-github\koa-api\node_modules\koa-mysql-session\index.js:50:8)
    at SessionApp.init (G:\0-github\koa-api\common\session.js:34:20)
